Starting search for BDV-E190 FWs
M12R FW #529
M12R FW #528
M12R FW #527
M12R FW #526
M12R FW #525
M12R FW #524
M12R FW #523
M12R FW #522
M12R FW #521
M12R FW #520
M12R FW #519
M12R FW #518
M12R FW #517
M12R FW #516
M12R FW #515
M12R FW #514
M12R FW #513
M12R FW #512
M12R FW #511
M12R FW #510

Good response at: https://hav.update.sony.net/BDP/data/UPDATA_M12R0510.zip
<Response [200]>
{'Accept-Ranges': 'bytes', 'Content-Length': '103531284', 'Content-Type': 'application/zip', 'ETag':
'"490247c34fbff2d365fe858386961050:1420514224"', 'Last-Modified': 'Mon, 22 Dec 2014 07:58:54 GMT', 'Server': 'AkamaiNetStorage', 'Date': 'Tue, 04
Jun 2024 01:47:28 GMT', 'Connection': 'keep-alive'}

FW: UPDATA_M12R0510.zip SHA-256: d243c6e8fe7388e847b3fb398f5fe8c097368f1440e59be1a2c84b6727859455

M12R FW #509
M12R FW #508
M12R FW #507
M12R FW #506
M12R FW #505
M12R FW #504
M12R FW #503
M12R FW #502
M12R FW #501
M12R FW #500
M12R FW #499
M12R FW #498
M12R FW #497
M12R FW #496
M12R FW #495
M12R FW #494
M12R FW #493
M12R FW #492
M12R FW #491
M12R FW #490
M12R FW #489
M12R FW #488
M12R FW #487
M12R FW #486
M12R FW #485
M12R FW #484
M12R FW #483
M12R FW #482
M12R FW #481
M12R FW #480
M12R FW #479
M12R FW #478
M12R FW #477
M12R FW #476
M12R FW #475
M12R FW #474
M12R FW #473
M12R FW #472
M12R FW #471
M12R FW #470
M12R FW #469
M12R FW #468
M12R FW #467
M12R FW #466
M12R FW #465
M12R FW #464
M12R FW #463
M12R FW #462
M12R FW #461
M12R FW #460
M12R FW #459
M12R FW #458
M12R FW #457
M12R FW #456
M12R FW #455
M12R FW #454
M12R FW #453
M12R FW #452
M12R FW #451
M12R FW #450
M12R FW #449
M12R FW #448
M12R FW #447
M12R FW #446
M12R FW #445
M12R FW #444
M12R FW #443
M12R FW #442
M12R FW #441
M12R FW #440
M12R FW #439
M12R FW #438
M12R FW #437
M12R FW #436
M12R FW #435
M12R FW #434
M12R FW #433
M12R FW #432
M12R FW #431
M12R FW #430
M12R FW #429
M12R FW #428
M12R FW #427
M12R FW #426
M12R FW #425
M12R FW #424
M12R FW #423
M12R FW #422
M12R FW #421
M12R FW #420
M12R FW #419
M12R FW #418
M12R FW #417
M12R FW #416
M12R FW #415
M12R FW #414
M12R FW #413
M12R FW #412
M12R FW #411
M12R FW #410
M12R FW #409
M12R FW #408
M12R FW #407
M12R FW #406
M12R FW #405
M12R FW #404
M12R FW #403
M12R FW #402
M12R FW #401
M12R FW #400
M12R FW #399
M12R FW #398
M12R FW #397
M12R FW #396
M12R FW #395
M12R FW #394
M12R FW #393
M12R FW #392
M12R FW #391
M12R FW #390
M12R FW #389
M12R FW #388
M12R FW #387
M12R FW #386
M12R FW #385
M12R FW #384
M12R FW #383
M12R FW #382
M12R FW #381
M12R FW #380
M12R FW #379
M12R FW #378
M12R FW #377
M12R FW #376
M12R FW #375
M12R FW #374
M12R FW #373
M12R FW #372
M12R FW #371
M12R FW #370
M12R FW #369
M12R FW #368
M12R FW #367
M12R FW #366
M12R FW #365
M12R FW #364
M12R FW #363
M12R FW #362
M12R FW #361
M12R FW #360
M12R FW #359
M12R FW #358
M12R FW #357
M12R FW #356
M12R FW #355
M12R FW #354
M12R FW #353
M12R FW #352
M12R FW #351
M12R FW #350
M12R FW #349
M12R FW #348
M12R FW #347
M12R FW #346
M12R FW #345
M12R FW #344
M12R FW #343
M12R FW #342
M12R FW #341
M12R FW #340
M12R FW #339
M12R FW #338
M12R FW #337
M12R FW #336
M12R FW #335
M12R FW #334
M12R FW #333
M12R FW #332
M12R FW #331
M12R FW #330
M12R FW #329
M12R FW #328
M12R FW #327
M12R FW #326
M12R FW #325
M12R FW #324
M12R FW #323
M12R FW #322
M12R FW #321
M12R FW #320
M12R FW #319
M12R FW #318
M12R FW #317
M12R FW #316
M12R FW #315
M12R FW #314
M12R FW #313
M12R FW #312
M12R FW #311
M12R FW #310
M12R FW #309
M12R FW #308
M12R FW #307
M12R FW #306
M12R FW #305
M12R FW #304
M12R FW #303
M12R FW #302
M12R FW #301
M12R FW #300
M12R FW #299
M12R FW #298
M12R FW #297
M12R FW #296
M12R FW #295
M12R FW #294
M12R FW #293
M12R FW #292
M12R FW #291
M12R FW #290
M12R FW #289
M12R FW #288
M12R FW #287
M12R FW #286
M12R FW #285
M12R FW #284
M12R FW #283
M12R FW #282
M12R FW #281
M12R FW #280
M12R FW #279
M12R FW #278
M12R FW #277
M12R FW #276
M12R FW #275
M12R FW #274
M12R FW #273
M12R FW #272
M12R FW #271
M12R FW #270
M12R FW #269
M12R FW #268
M12R FW #267
M12R FW #266
M12R FW #265
M12R FW #264
M12R FW #263
M12R FW #262
M12R FW #261
M12R FW #260
M12R FW #259
M12R FW #258
M12R FW #257
M12R FW #256
M12R FW #255
M12R FW #254
M12R FW #253
M12R FW #252
M12R FW #251
M12R FW #250
M12R FW #249
M12R FW #248
M12R FW #247
M12R FW #246
M12R FW #245
M12R FW #244
M12R FW #243
M12R FW #242
M12R FW #241
M12R FW #240
M12R FW #239
M12R FW #238
M12R FW #237
M12R FW #236
M12R FW #235
M12R FW #234
M12R FW #233
M12R FW #232
M12R FW #231
M12R FW #230
M12R FW #229
M12R FW #228
M12R FW #227
M12R FW #226
M12R FW #225
M12R FW #224
M12R FW #223
M12R FW #222
M12R FW #221
M12R FW #220
M12R FW #219
M12R FW #218
M12R FW #217
M12R FW #216
M12R FW #215
M12R FW #214
M12R FW #213
M12R FW #212
M12R FW #211
M12R FW #210
M12R FW #209
M12R FW #208
M12R FW #207
M12R FW #206
M12R FW #205
M12R FW #204
M12R FW #203
M12R FW #202
M12R FW #201
M12R FW #200
M12R FW #199
M12R FW #198
M12R FW #197
M12R FW #196
M12R FW #195
M12R FW #194
M12R FW #193
M12R FW #192
M12R FW #191
M12R FW #190
M12R FW #189
M12R FW #188
M12R FW #187
M12R FW #186
M12R FW #185
M12R FW #184
M12R FW #183
M12R FW #182
M12R FW #181
M12R FW #180
M12R FW #179
M12R FW #178
M12R FW #177
M12R FW #176
M12R FW #175
M12R FW #174
M12R FW #173
M12R FW #172
M12R FW #171
M12R FW #170
M12R FW #169
M12R FW #168
M12R FW #167
M12R FW #166
M12R FW #165
M12R FW #164
M12R FW #163
M12R FW #162
M12R FW #161
M12R FW #160
M12R FW #159
M12R FW #158
M12R FW #157
M12R FW #156
M12R FW #155
M12R FW #154
M12R FW #153
M12R FW #152
M12R FW #151
M12R FW #150
M12R FW #149
M12R FW #148
M12R FW #147
M12R FW #146
M12R FW #145
M12R FW #144
M12R FW #143
M12R FW #142
M12R FW #141
M12R FW #140
M12R FW #139
M12R FW #138
M12R FW #137
M12R FW #136
M12R FW #135
M12R FW #134
M12R FW #133
M12R FW #132
M12R FW #131
M12R FW #130
M12R FW #129
M12R FW #128
M12R FW #127
M12R FW #126
M12R FW #125
M12R FW #124
M12R FW #123
M12R FW #122
M12R FW #121
M12R FW #120
M12R FW #119
M12R FW #118
M12R FW #117
M12R FW #116
M12R FW #115
M12R FW #114
M12R FW #113
M12R FW #112
M12R FW #111
M12R FW #110
M12R FW #109
M12R FW #108
M12R FW #107
M12R FW #106
M12R FW #105
M12R FW #104
M12R FW #103
M12R FW #102
M12R FW #101
M12R FW #100
M12R FW #99
M12R FW #98
M12R FW #97
M12R FW #96
M12R FW #95
M12R FW #94
M12R FW #93
M12R FW #92
M12R FW #91
M12R FW #90
M12R FW #89
M12R FW #88
M12R FW #87
M12R FW #86
M12R FW #85
M12R FW #84
M12R FW #83
M12R FW #82
M12R FW #81
M12R FW #80
M12R FW #79
M12R FW #78
M12R FW #77
M12R FW #76
M12R FW #75
M12R FW #74
M12R FW #73
M12R FW #72
M12R FW #71
M12R FW #70
M12R FW #69
M12R FW #68
M12R FW #67
M12R FW #66
M12R FW #65
M12R FW #64
M12R FW #63
M12R FW #62
M12R FW #61
M12R FW #60
M12R FW #59
M12R FW #58
M12R FW #57
M12R FW #56
M12R FW #55
M12R FW #54
M12R FW #53
M12R FW #52
M12R FW #51
M12R FW #50
M12R FW #49
M12R FW #48
M12R FW #47
M12R FW #46
M12R FW #45
M12R FW #44
M12R FW #43
M12R FW #42
M12R FW #41
M12R FW #40
M12R FW #39
M12R FW #38
M12R FW #37
M12R FW #36
M12R FW #35
M12R FW #34
M12R FW #33
M12R FW #32
M12R FW #31
M12R FW #30
M12R FW #29
M12R FW #28
M12R FW #27
M12R FW #26
M12R FW #25
M12R FW #24
M12R FW #23
M12R FW #22
M12R FW #21
M12R FW #20
M12R FW #19
M12R FW #18
M12R FW #17
M12R FW #16
M12R FW #15
M12R FW #14
M12R FW #13
M12R FW #12
M12R FW #11
M12R FW #10
M12R FW #9
M12R FW #8
M12R FW #7
M12R FW #6
M12R FW #5
M12R FW #4
M12R FW #3
M12R FW #2
M12R FW #1
M12R FW #0
Starting search for BDP-S5100 FWs
M15R FW #274
M15R FW #273
M15R FW #272
M15R FW #271
M15R FW #270
M15R FW #269
M15R FW #268
M15R FW #267
M15R FW #266
M15R FW #265
M15R FW #264
M15R FW #263
M15R FW #262
M15R FW #261
M15R FW #260
M15R FW #259
M15R FW #258
M15R FW #257

Good response at: https://hav.update.sony.net/BDP/data/UPDATA_M15R0257.zip
<Response [200]>
{'Accept-Ranges': 'bytes', 'Content-Length': '105757698', 'Content-Type': 'application/zip', 'ETag':
'"ac5dcc970d84c9beffe4db978ea9adaa:1551144120.856291"', 'Last-Modified': 'Tue, 12 Feb 2019 02:43:34 GMT', 'Server': 'AkamaiNetStorage', 'Date':
'Tue, 04 Jun 2024 01:55:45 GMT', 'Connection': 'keep-alive'}

FW: UPDATA_M15R0257.zip SHA-256: 7209013baa51d9d011c928c76f96c7dec883c271b99097b91a376b930add151c

M15R FW #256
M15R FW #255

Good response at: https://hav.update.sony.net/BDP/data/UPDATA_M15R0255.zip
<Response [200]>
{'Accept-Ranges': 'bytes', 'Content-Length': '105336829', 'Content-Type': 'application/zip', 'ETag':
'"0690846c29c2a95a5b072d7970ac8c45:1524830636"', 'Last-Modified': 'Wed, 25 Apr 2018 06:13:37 GMT', 'Server': 'AkamaiNetStorage', 'Date': 'Tue, 04
Jun 2024 01:55:49 GMT', 'Connection': 'keep-alive'}

FW: UPDATA_M15R0255.zip SHA-256: b37b2450d553cf0ebc9b6ecea0f5ca73139d902ca661d26d55d25ea0a36b038d

M15R FW #254
M15R FW #253
M15R FW #252
M15R FW #251
M15R FW #250
M15R FW #249
M15R FW #248
M15R FW #247
M15R FW #246
M15R FW #245
M15R FW #244
M15R FW #243
M15R FW #242
M15R FW #241
M15R FW #240
M15R FW #239
M15R FW #238
M15R FW #237
M15R FW #236
M15R FW #235
M15R FW #234
M15R FW #233
M15R FW #232
M15R FW #231
M15R FW #230
M15R FW #229
M15R FW #228
M15R FW #227
M15R FW #226
M15R FW #225
M15R FW #224
M15R FW #223
M15R FW #222
M15R FW #221
M15R FW #220
M15R FW #219
M15R FW #218
M15R FW #217
M15R FW #216
M15R FW #215
M15R FW #214
M15R FW #213
M15R FW #212
M15R FW #211
M15R FW #210
M15R FW #209
M15R FW #208
M15R FW #207
M15R FW #206
M15R FW #205
M15R FW #204
M15R FW #203
M15R FW #202
M15R FW #201
M15R FW #200
M15R FW #199
M15R FW #198
M15R FW #197

Good response at: https://hav.update.sony.net/BDP/data/UPDATA_M15R0197.zip
<Response [200]>
{'Accept-Ranges': 'bytes', 'Content-Length': '105866339', 'Content-Type': 'application/zip', 'ETag':
'"0efeba92a176b0be3f6feac8b252f7da:1421064686"', 'Last-Modified': 'Mon, 22 Dec 2014 07:58:49 GMT', 'Server': 'AkamaiNetStorage', 'Date': 'Tue, 04
Jun 2024 01:56:56 GMT', 'Connection': 'keep-alive'}

FW: UPDATA_M15R0197.zip SHA-256: d755bc0253b4869ca603cddc661168111ba13d51123870c329dde6119ceccf14

M15R FW #196
M15R FW #195
M15R FW #194
M15R FW #193
M15R FW #192
M15R FW #191
M15R FW #190
M15R FW #189
M15R FW #188
M15R FW #187
M15R FW #186
M15R FW #185
M15R FW #184
M15R FW #183
M15R FW #182
M15R FW #181

Good response at: https://hav.update.sony.net/BDP/data/UPDATA_M15R0181.zip
<Response [200]>
{'Accept-Ranges': 'bytes', 'Content-Length': '106092375', 'Content-Type': 'application/zip', 'ETag':
'"5a57a8614987a4b251db2517ab44b5bb:1411004141"', 'Last-Modified': 'Wed, 17 Sep 2014 08:25:56 GMT', 'Server': 'AkamaiNetStorage', 'Date': 'Tue, 04
Jun 2024 01:57:25 GMT', 'Connection': 'keep-alive'}

FW: UPDATA_M15R0181.zip SHA-256: 4679985b5b89620ff8c0f9d00a9430670629760bb4c4f1e1eaef76096324e4a9

M15R FW #180
M15R FW #179
M15R FW #178
M15R FW #177
M15R FW #176
M15R FW #175
M15R FW #174
M15R FW #173
M15R FW #172
M15R FW #171
M15R FW #170
M15R FW #169
M15R FW #168
M15R FW #167
M15R FW #166
M15R FW #165
M15R FW #164
M15R FW #163
M15R FW #162
M15R FW #161
M15R FW #160
M15R FW #159
M15R FW #158
M15R FW #157
M15R FW #156
M15R FW #155
M15R FW #154
M15R FW #153
M15R FW #152
M15R FW #151
M15R FW #150
M15R FW #149
M15R FW #148
M15R FW #147
M15R FW #146
M15R FW #145
M15R FW #144
M15R FW #143
M15R FW #142
M15R FW #141
M15R FW #140
M15R FW #139
M15R FW #138
M15R FW #137
M15R FW #136
M15R FW #135
M15R FW #134
M15R FW #133
M15R FW #132
M15R FW #131
M15R FW #130
M15R FW #129
M15R FW #128
M15R FW #127
M15R FW #126
M15R FW #125
M15R FW #124
M15R FW #123
M15R FW #122
M15R FW #121
M15R FW #120
M15R FW #119
M15R FW #118
M15R FW #117
M15R FW #116
M15R FW #115
M15R FW #114
M15R FW #113
M15R FW #112
M15R FW #111
M15R FW #110
M15R FW #109
M15R FW #108
M15R FW #107
M15R FW #106
M15R FW #105
M15R FW #104
M15R FW #103
M15R FW #102
M15R FW #101
M15R FW #100
M15R FW #99
M15R FW #98
M15R FW #97
M15R FW #96
M15R FW #95
M15R FW #94
M15R FW #93
M15R FW #92
M15R FW #91
M15R FW #90
M15R FW #89
M15R FW #88
M15R FW #87
M15R FW #86
M15R FW #85
M15R FW #84
M15R FW #83
M15R FW #82
M15R FW #81
M15R FW #80
M15R FW #79
M15R FW #78
M15R FW #77
M15R FW #76
M15R FW #75
M15R FW #74
M15R FW #73
M15R FW #72
M15R FW #71
M15R FW #70
M15R FW #69
M15R FW #68
M15R FW #67
M15R FW #66
M15R FW #65
M15R FW #64
M15R FW #63
M15R FW #62
M15R FW #61
M15R FW #60
M15R FW #59
M15R FW #58
M15R FW #57
M15R FW #56
M15R FW #55
M15R FW #54
M15R FW #53
M15R FW #52
M15R FW #51
M15R FW #50
M15R FW #49
M15R FW #48
M15R FW #47
M15R FW #46
M15R FW #45
M15R FW #44
M15R FW #43
M15R FW #42
M15R FW #41
M15R FW #40
M15R FW #39
M15R FW #38
M15R FW #37
M15R FW #36
M15R FW #35
M15R FW #34
M15R FW #33
M15R FW #32
M15R FW #31
M15R FW #30
M15R FW #29
M15R FW #28
M15R FW #27
M15R FW #26
M15R FW #25
M15R FW #24
M15R FW #23
M15R FW #22
M15R FW #21
M15R FW #20
M15R FW #19
M15R FW #18
M15R FW #17
M15R FW #16
M15R FW #15
M15R FW #14
M15R FW #13
M15R FW #12
M15R FW #11
M15R FW #10
M15R FW #9
M15R FW #8
M15R FW #7
M15R FW #6
M15R FW #5
M15R FW #4
M15R FW #3
M15R FW #2
M15R FW #1
M15R FW #0
Starting search for BDP-S1500 FWs
M24R FW #369
M24R FW #368
M24R FW #367
M24R FW #366
M24R FW #365
M24R FW #364
M24R FW #363
M24R FW #362
M24R FW #361
M24R FW #360
M24R FW #359
M24R FW #358
M24R FW #357

Good response at: https://hav.update.sony.net/BDP/data/UPDATE_M24R0357.zip
<Response [200]>
{'Accept-Ranges': 'bytes', 'Content-Length': '129461603', 'Content-Type': 'application/zip', 'ETag':
'"af15b05dc5ea7bbc9518bf698cf7c43b:1552956878.255112"', 'Last-Modified': 'Mon, 18 Feb 2019 05:52:34 GMT', 'Server': 'AkamaiNetStorage', 'Date':
'Tue, 04 Jun 2024 02:00:32 GMT', 'Connection': 'keep-alive'}

FW: UPDATE_M24R0357.zip SHA-256: 3a20ee0c4d337ae8ea9b91dc069399446b1601e218f05813eb5d6a78a1b2b602

M24R FW #356
M24R FW #355
M24R FW #354
M24R FW #353
M24R FW #352
M24R FW #351
M24R FW #350
M24R FW #349
M24R FW #348
M24R FW #347
M24R FW #346
M24R FW #345
M24R FW #344
M24R FW #343
M24R FW #342
M24R FW #341
M24R FW #340
M24R FW #339
M24R FW #338
M24R FW #337
M24R FW #336
M24R FW #335
M24R FW #334
M24R FW #333
M24R FW #332
M24R FW #331
M24R FW #330
M24R FW #329
M24R FW #328
M24R FW #327
M24R FW #326
M24R FW #325
M24R FW #324
M24R FW #323
M24R FW #322
M24R FW #321
M24R FW #320
M24R FW #319
M24R FW #318
M24R FW #317
M24R FW #316
M24R FW #315
M24R FW #314
M24R FW #313
M24R FW #312
M24R FW #311
M24R FW #310
M24R FW #309
M24R FW #308
M24R FW #307
M24R FW #306
M24R FW #305
M24R FW #304
M24R FW #303
M24R FW #302
M24R FW #301
M24R FW #300
M24R FW #299
M24R FW #298
M24R FW #297
M24R FW #296
M24R FW #295
M24R FW #294
M24R FW #293
M24R FW #292
M24R FW #291
M24R FW #290
M24R FW #289
M24R FW #288
M24R FW #287
M24R FW #286
M24R FW #285
M24R FW #284
M24R FW #283
M24R FW #282
M24R FW #281
M24R FW #280
M24R FW #279
M24R FW #278
M24R FW #277
M24R FW #276
M24R FW #275
M24R FW #274
M24R FW #273
M24R FW #272
M24R FW #271
M24R FW #270
M24R FW #269
M24R FW #268
M24R FW #267
M24R FW #266
M24R FW #265
M24R FW #264
M24R FW #263
M24R FW #262
M24R FW #261
M24R FW #260
M24R FW #259
M24R FW #258
M24R FW #257
M24R FW #256
M24R FW #255
M24R FW #254
M24R FW #253
M24R FW #252
M24R FW #251
M24R FW #250
M24R FW #249
M24R FW #248
M24R FW #247
M24R FW #246
M24R FW #245
M24R FW #244
M24R FW #243
M24R FW #242
M24R FW #241
M24R FW #240
M24R FW #239
M24R FW #238
M24R FW #237
M24R FW #236
M24R FW #235
M24R FW #234
M24R FW #233
M24R FW #232
M24R FW #231
M24R FW #230
M24R FW #229
M24R FW #228
M24R FW #227
M24R FW #226
M24R FW #225
M24R FW #224
M24R FW #223
M24R FW #222

Good response at: https://hav.update.sony.net/BDP/data/UPDATE_M24R0222.zip
<Response [200]>
{'Accept-Ranges': 'bytes', 'Content-Length': '129446782', 'Content-Type': 'application/zip', 'ETag':
'"f17179073b1528248441a94690e6e589:1519369366"', 'Last-Modified': 'Fri, 23 Feb 2018 03:03:57 GMT', 'Server': 'AkamaiNetStorage', 'Date': 'Tue, 04
Jun 2024 02:02:38 GMT', 'Connection': 'keep-alive'}

FW: UPDATE_M24R0222.zip SHA-256: 44b75dee0770c00a15ca0707f3c80bc4f87b462c3e77d8f560e07f0d2aded740

M24R FW #221

Good response at: https://hav.update.sony.net/BDP/data/UPDATE_M24R0221.zip
<Response [200]>
{'Accept-Ranges': 'bytes', 'Content-Length': '129446174', 'Content-Type': 'application/zip', 'ETag':
'"7e2a4990678441b05f49653699aeb195:1485412318"', 'Last-Modified': 'Wed, 18 Jan 2017 03:47:21 GMT', 'Server': 'AkamaiNetStorage', 'Date': 'Tue, 04
Jun 2024 02:02:57 GMT', 'Connection': 'keep-alive'}

FW: UPDATE_M24R0221.zip SHA-256: 9494489bd5b29621e69e5d90a02bedb5653c5f7c1c4686d1b75e154a55a24ac4

M24R FW #220
M24R FW #219
M24R FW #218

Good response at: https://hav.update.sony.net/BDP/data/UPDATE_M24R0218.zip
<Response [200]>
{'Accept-Ranges': 'bytes', 'Content-Length': '129470691', 'Content-Type': 'application/zip', 'ETag':
'"d5b66858860bbd6719fc9b4f634e6e75:1464092310"', 'Last-Modified': 'Tue, 19 Apr 2016 11:53:41 GMT', 'Server': 'AkamaiNetStorage', 'Date': 'Tue, 04
Jun 2024 02:03:16 GMT', 'Connection': 'keep-alive'}

FW: UPDATE_M24R0218.zip SHA-256: 891cc5ef565d708b3ba1e092671bbcbc8cba2d7b04ffd19bf003392f1adb9789

M24R FW #217
M24R FW #216
M24R FW #215

Good response at: https://hav.update.sony.net/BDP/data/UPDATE_M24R0215.zip
<Response [200]>
{'Accept-Ranges': 'bytes', 'Content-Length': '129003810', 'Content-Type': 'application/zip', 'ETag':
'"d77f453a2a0b951648721813e9d24124:1439181197"', 'Last-Modified': 'Tue, 14 Jul 2015 03:03:17 GMT', 'Server': 'AkamaiNetStorage', 'Date': 'Tue, 04
Jun 2024 02:03:37 GMT', 'Connection': 'keep-alive'}

FW: UPDATE_M24R0215.zip SHA-256: a1acf7d0e2ec8399e1d91752b5a51b9983107a2b669c84946eb58706d4c39aa7

M24R FW #214

Good response at: https://hav.update.sony.net/BDP/data/UPDATE_M24R0214.zip
<Response [200]>
{'Accept-Ranges': 'bytes', 'Content-Length': '129003746', 'Content-Type': 'application/zip', 'ETag':
'"0e70ba13655eff28a6d9ae0f12fd6596:1434973862"', 'Last-Modified': 'Wed, 03 Jun 2015 02:09:22 GMT', 'Server': 'AkamaiNetStorage', 'Date': 'Tue, 04
Jun 2024 02:03:55 GMT', 'Connection': 'keep-alive'}

FW: UPDATE_M24R0214.zip SHA-256: 34b9f253b9a93710142916ae5691bd529fb5f4cab28320952998df022db0b6be

M24R FW #213
M24R FW #212
M24R FW #211
M24R FW #210
M24R FW #209
M24R FW #208
M24R FW #207
M24R FW #206
M24R FW #205
M24R FW #204
M24R FW #203
M24R FW #202
M24R FW #201
M24R FW #200
M24R FW #199
M24R FW #198
M24R FW #197
M24R FW #196
M24R FW #195
M24R FW #194
M24R FW #193
M24R FW #192
M24R FW #191
M24R FW #190
M24R FW #189
M24R FW #188
M24R FW #187
M24R FW #186
M24R FW #185
M24R FW #184
M24R FW #183
M24R FW #182
M24R FW #181
M24R FW #180
M24R FW #179
M24R FW #178
M24R FW #177
M24R FW #176
M24R FW #175
M24R FW #174
M24R FW #173
M24R FW #172
M24R FW #171
M24R FW #170
M24R FW #169
M24R FW #168
M24R FW #167
M24R FW #166
M24R FW #165
M24R FW #164
M24R FW #163
M24R FW #162
M24R FW #161
M24R FW #160
M24R FW #159
M24R FW #158
M24R FW #157
M24R FW #156
M24R FW #155
M24R FW #154
M24R FW #153
M24R FW #152
M24R FW #151
M24R FW #150
M24R FW #149
M24R FW #148
M24R FW #147
M24R FW #146
M24R FW #145
M24R FW #144
M24R FW #143
M24R FW #142
M24R FW #141
M24R FW #140
M24R FW #139
M24R FW #138
M24R FW #137
M24R FW #136
M24R FW #135
M24R FW #134
M24R FW #133
M24R FW #132
M24R FW #131
M24R FW #130
M24R FW #129
M24R FW #128
M24R FW #127
M24R FW #126
M24R FW #125
M24R FW #124
M24R FW #123
M24R FW #122
M24R FW #121
M24R FW #120
M24R FW #119
M24R FW #118
M24R FW #117
M24R FW #116
M24R FW #115
M24R FW #114
M24R FW #113
M24R FW #112
M24R FW #111
M24R FW #110
M24R FW #109
M24R FW #108
M24R FW #107
M24R FW #106
M24R FW #105
M24R FW #104
M24R FW #103
M24R FW #102
M24R FW #101
M24R FW #100
M24R FW #99
M24R FW #98
M24R FW #97
M24R FW #96
M24R FW #95
M24R FW #94
M24R FW #93
M24R FW #92
M24R FW #91
M24R FW #90
M24R FW #89
M24R FW #88
M24R FW #87
M24R FW #86
M24R FW #85
M24R FW #84
M24R FW #83
M24R FW #82
M24R FW #81
M24R FW #80
M24R FW #79
M24R FW #78
M24R FW #77
M24R FW #76
M24R FW #75
M24R FW #74
M24R FW #73
M24R FW #72
M24R FW #71
M24R FW #70
M24R FW #69
M24R FW #68
M24R FW #67
M24R FW #66
M24R FW #65
M24R FW #64
M24R FW #63
M24R FW #62
M24R FW #61
M24R FW #60
M24R FW #59
M24R FW #58
M24R FW #57
M24R FW #56
M24R FW #55
M24R FW #54
M24R FW #53
M24R FW #52
M24R FW #51
M24R FW #50
M24R FW #49
M24R FW #48
M24R FW #47
M24R FW #46
M24R FW #45
M24R FW #44
M24R FW #43
M24R FW #42
M24R FW #41
M24R FW #40
M24R FW #39
M24R FW #38
M24R FW #37
M24R FW #36
M24R FW #35
M24R FW #34
M24R FW #33
M24R FW #32
M24R FW #31
M24R FW #30
M24R FW #29
M24R FW #28
M24R FW #27
M24R FW #26
M24R FW #25
M24R FW #24
M24R FW #23
M24R FW #22
M24R FW #21
M24R FW #20
M24R FW #19
M24R FW #18
M24R FW #17
M24R FW #16
M24R FW #15
M24R FW #14
M24R FW #13
M24R FW #12
M24R FW #11
M24R FW #10
M24R FW #9
M24R FW #8
M24R FW #7
M24R FW #6
M24R FW #5
M24R FW #4
M24R FW #3
M24R FW #2
M24R FW #1
M24R FW #0
