FW #274
FW #273
FW #272
FW #271
FW #270
FW #269
FW #268
FW #267
FW #266
FW #265
FW #264
FW #263
FW #262
FW #261
FW #260
FW #259
FW #258
FW #257

Good response at: https://hav.update.sony.net/BDP/data/UPDATA_M15R0257.zip
<Response [200]>
{'Accept-Ranges': 'bytes', 'Content-Length': '105757698', 'Content-Type': 'application/zip', 'ETag':
'"ac5dcc970d84c9beffe4db978ea9adaa:1551144120.856291"', 'Last-Modified': 'Tue, 12 Feb 2019 02:43:34 GMT', 'Server': 'AkamaiNetStorage', 'Date':
'Wed, 22 May 2024 03:02:49 GMT', 'Connection': 'keep-alive'}

FW: UPDATA_M15R0257.zip SHA-256: 7209013baa51d9d011c928c76f96c7dec883c271b99097b91a376b930add151c

FW #256
FW #255

Good response at: https://hav.update.sony.net/BDP/data/UPDATA_M15R0255.zip
<Response [200]>
{'Accept-Ranges': 'bytes', 'Content-Length': '105336829', 'Content-Type': 'application/zip', 'ETag':
'"0690846c29c2a95a5b072d7970ac8c45:1524830636"', 'Last-Modified': 'Wed, 25 Apr 2018 06:13:37 GMT', 'Server': 'AkamaiNetStorage', 'Date': 'Wed, 22
May 2024 03:02:53 GMT', 'Connection': 'keep-alive'}

FW: UPDATA_M15R0255.zip SHA-256: b37b2450d553cf0ebc9b6ecea0f5ca73139d902ca661d26d55d25ea0a36b038d

FW #254
FW #253
FW #252
FW #251
FW #250
FW #249
FW #248
FW #247
FW #246
FW #245
FW #244
FW #243
FW #242
FW #241
FW #240
FW #239
FW #238
FW #237
FW #236
FW #235
FW #234
FW #233
FW #232
FW #231
FW #230
FW #229
FW #228
FW #227
FW #226
FW #225
FW #224
FW #223
FW #222
FW #221
FW #220
FW #219
FW #218
FW #217
FW #216
FW #215
FW #214
FW #213
FW #212
FW #211
FW #210
FW #209
FW #208
FW #207
FW #206
FW #205
FW #204
FW #203
FW #202
FW #201
FW #200
FW #199
FW #198
FW #197

Good response at: https://hav.update.sony.net/BDP/data/UPDATA_M15R0197.zip
<Response [200]>
{'Accept-Ranges': 'bytes', 'Content-Length': '105866339', 'Content-Type': 'application/zip', 'ETag':
'"0efeba92a176b0be3f6feac8b252f7da:1421064686"', 'Last-Modified': 'Mon, 22 Dec 2014 07:58:49 GMT', 'Server': 'AkamaiNetStorage', 'Date': 'Wed, 22
May 2024 03:03:28 GMT', 'Connection': 'keep-alive'}

FW: UPDATA_M15R0197.zip SHA-256: d755bc0253b4869ca603cddc661168111ba13d51123870c329dde6119ceccf14

FW #196
FW #195
FW #194
FW #193
FW #192
FW #191
FW #190
FW #189
FW #188
FW #187
FW #186
FW #185
FW #184
FW #183
FW #182
FW #181

Good response at: https://hav.update.sony.net/BDP/data/UPDATA_M15R0181.zip
<Response [200]>
{'Accept-Ranges': 'bytes', 'Content-Length': '106092375', 'Content-Type': 'application/zip', 'ETag':
'"5a57a8614987a4b251db2517ab44b5bb:1411004141"', 'Last-Modified': 'Wed, 17 Sep 2014 08:25:56 GMT', 'Server': 'AkamaiNetStorage', 'Date': 'Wed, 22
May 2024 03:03:40 GMT', 'Connection': 'keep-alive'}

FW: UPDATA_M15R0181.zip SHA-256: 4679985b5b89620ff8c0f9d00a9430670629760bb4c4f1e1eaef76096324e4a9

FW #180
FW #179
FW #178
FW #177
FW #176
FW #175
FW #174
FW #173
FW #172
FW #171
FW #170
FW #169
FW #168
FW #167
FW #166
FW #165
FW #164
FW #163
FW #162
FW #161
FW #160
FW #159
FW #158
FW #157
FW #156
FW #155
FW #154
FW #153
FW #152
FW #151
FW #150
FW #149
FW #148
FW #147
FW #146
FW #145
FW #144
FW #143
FW #142
FW #141
FW #140
FW #139
FW #138
FW #137
FW #136
FW #135
FW #134
FW #133
FW #132
FW #131
FW #130
FW #129
FW #128
FW #127
FW #126
FW #125
FW #124
FW #123
FW #122
FW #121
FW #120
FW #119
FW #118
FW #117
FW #116
FW #115
FW #114
FW #113
FW #112
FW #111
FW #110
FW #109
FW #108
FW #107
FW #106
FW #105
FW #104
FW #103
FW #102
FW #101
FW #100
FW #99
FW #98
FW #97
FW #96
FW #95
FW #94
FW #93
FW #92
FW #91
FW #90
FW #89
FW #88
FW #87
FW #86
FW #85
FW #84
FW #83
FW #82
FW #81
FW #80
FW #79
FW #78
FW #77
FW #76
FW #75
FW #74
FW #73
FW #72
FW #71
FW #70
FW #69
FW #68
FW #67
FW #66
FW #65
FW #64
FW #63
FW #62
FW #61
FW #60
FW #59
FW #58
FW #57
FW #56
FW #55
FW #54
FW #53
FW #52
FW #51
FW #50
FW #49
FW #48
FW #47
FW #46
FW #45
FW #44
FW #43
FW #42
FW #41
FW #40
FW #39
FW #38
FW #37
FW #36
FW #35
FW #34
FW #33
FW #32
FW #31
FW #30
FW #29
FW #28
FW #27
FW #26
FW #25
FW #24
FW #23
FW #22
FW #21
FW #20
FW #19
FW #18
FW #17
FW #16
FW #15
FW #14
FW #13
FW #12
FW #11
FW #10
FW #9
FW #8
FW #7
FW #6
FW #5
FW #4
FW #3
FW #2
FW #1
FW #0
